#
# There is insufficient memory for the Java Runtime Environment to continue.
# Native memory allocation (malloc) failed to allocate 394896 bytes for Chunk::new
# Possible reasons:
#   The system is out of physical RAM or swap space
#   In 32 bit mode, the process size limit was hit
# Possible solutions:
#   Reduce memory load on the system
#   Increase physical memory or swap space
#   Check if swap backing store is full
#   Use 64 bit Java on a 64 bit OS
#   Decrease Java heap size (-Xmx/-Xms)
#   Decrease number of Java threads
#   Decrease Java thread stack sizes (-Xss)
#   Set larger code cache with -XX:ReservedCodeCacheSize=
# This output file may be truncated or incomplete.
#
#  Out of Memory Error (allocation.cpp:390), pid=1452, tid=0x00000000000016b4
#
# JRE version: Java(TM) SE Runtime Environment (8.0_111-b14) (build 1.8.0_111-b14)
# Java VM: Java HotSpot(TM) 64-Bit Server VM (25.111-b14 mixed mode windows-amd64 compressed oops)
# Failed to write core dump. Minidumps are not enabled by default on client versions of Windows
#

---------------  T H R E A D  ---------------

Current thread (0x0000000019b1e800):  JavaThread "C2 CompilerThread1" daemon [_thread_in_native, id=5812, stack(0x000000001a400000,0x000000001a500000)]

Stack: [0x000000001a400000,0x000000001a500000]
[error occurred during error reporting (printing stack bounds), id 0xc0000005]

Native frames: (J=compiled Java code, j=interpreted, Vv=VM code, C=native code)


Current CompileTask:
C2:    762  953       4       com.sun.tools.javac.code.Types$13::visitClassType (144 bytes)


---------------  P R O C E S S  ---------------

Java Threads: ( => current thread )
  0x0000000019bb1000 JavaThread "Service Thread" daemon [_thread_blocked, id=3784, stack(0x000000001a700000,0x000000001a800000)]
  0x0000000019b26800 JavaThread "C1 CompilerThread3" daemon [_thread_blocked, id=25784, stack(0x000000001a600000,0x000000001a700000)]
  0x0000000019b22800 JavaThread "C2 CompilerThread2" daemon [_thread_in_native, id=1308, stack(0x000000001a500000,0x000000001a600000)]
=>0x0000000019b1e800 JavaThread "C2 CompilerThread1" daemon [_thread_in_native, id=5812, stack(0x000000001a400000,0x000000001a500000)]
  0x0000000019b1a800 JavaThread "C2 CompilerThread0" daemon [_thread_blocked, id=2520, stack(0x000000001a300000,0x000000001a400000)]
  0x0000000019b18000 JavaThread "Attach Listener" daemon [_thread_blocked, id=13800, stack(0x000000001a200000,0x000000001a300000)]
  0x0000000019b17000 JavaThread "Signal Dispatcher" daemon [_thread_blocked, id=11636, stack(0x000000001a100000,0x000000001a200000)]
  0x0000000002ca9800 JavaThread "Finalizer" daemon [_thread_blocked, id=18780, stack(0x0000000019ef0000,0x0000000019ff0000)]
  0x0000000002ca6000 JavaThread "Reference Handler" daemon [_thread_blocked, id=14928, stack(0x00000000199f0000,0x0000000019af0000)]
  0x0000000002bb2800 JavaThread "main" [_thread_in_native, id=24136, stack(0x0000000002a70000,0x0000000002b70000)]

Other Threads:
  0x0000000017c19000 VMThread [stack: 0x00000000198f0000,0x00000000199f0000] [id=22372]
  0x0000000019be6800 WatcherThread [stack: 0x000000001a960000,0x000000001aa60000] [id=14708]

VM state:not at safepoint (normal execution)

VM Mutex/Monitor currently owned by a thread: None

Heap:
 PSYoungGen      total 6656K, used 3438K [0x00000000d5f80000, 0x00000000d7280000, 0x0000000100000000)
  eden space 6144K, 55% used [0x00000000d5f80000,0x00000000d62db9a8,0x00000000d6580000)
  from space 512K, 0% used [0x00000000d6580000,0x00000000d6580000,0x00000000d6600000)
  to   space 3584K, 0% used [0x00000000d6f00000,0x00000000d6f00000,0x00000000d7280000)
 ParOldGen       total 5632K, used 5448K [0x0000000081e00000, 0x0000000082380000, 0x00000000d5f80000)
  object space 5632K, 96% used [0x0000000081e00000,0x0000000082352000,0x0000000082380000)
 Metaspace       used 8925K, capacity 9440K, committed 9600K, reserved 1058816K
  class space    used 1048K, capacity 1108K, committed 1152K, reserved 1048576K

Card table byte_map: [0x0000000012070000,0x0000000012470000] byte_map_base: 0x0000000011c61000

Marking Bits: (ParMarkBitMap*) 0x0000000073d6a6c0
 Begin Bits: [0x0000000012f20000, 0x0000000014ea8000)
 End Bits:   [0x0000000014ea8000, 0x0000000016e30000)

Polling page: 0x0000000002910000

CodeCache: size=245760Kb used=4022Kb max_used=4034Kb free=241737Kb
 bounds [0x0000000002cb0000, 0x00000000030b0000, 0x0000000011cb0000]
 total_blobs=1339 nmethods=1042 adapters=209
 compilation: enabled

Compilation events (10 events):
Event: 0.748 Thread 0x0000000019b26800 nmethod 1019 0x0000000003082510 code [0x0000000003082760, 0x0000000003083948]
Event: 0.748 Thread 0x0000000019b26800 1023       3       com.sun.tools.javac.tree.JCTree$JCNewClass::accept (6 bytes)
Event: 0.749 Thread 0x0000000019b26800 nmethod 1023 0x0000000003083f10 code [0x0000000003084080, 0x00000000030842a8]
Event: 0.749 Thread 0x0000000019b26800 1020       3       com.sun.tools.javac.code.Types$26::visitType (10 bytes)
Event: 0.749 Thread 0x0000000019b26800 nmethod 1020 0x0000000003084390 code [0x0000000003084520, 0x00000000030849b8]
Event: 0.749 Thread 0x0000000019b26800 1021       3       com.sun.tools.javac.code.Types$26::visitType (11 bytes)
Event: 0.749 Thread 0x0000000019b26800 nmethod 1021 0x0000000003084b50 code [0x0000000003084ce0, 0x0000000003085208]
Event: 0.749 Thread 0x0000000019b26800 1022       1       com.sun.tools.javac.jvm.Items::access$000 (5 bytes)
Event: 0.749 Thread 0x0000000019b26800 nmethod 1022 0x00000000030854d0 code [0x0000000003085620, 0x0000000003085710]
Event: 0.749 Thread 0x0000000019b26800 1024   !   3       com.sun.tools.javac.jvm.Gen::genExpr (146 bytes)

GC Heap History (10 events):
Event: 0.345 GC heap before
{Heap before GC invocations=6 (full 1):
 PSYoungGen      total 6656K, used 500K [0x00000000d5f80000, 0x00000000d7280000, 0x0000000100000000)
  eden space 6144K, 0% used [0x00000000d5f80000,0x00000000d5f80000,0x00000000d6580000)
  from space 512K, 97% used [0x00000000d6580000,0x00000000d65fd010,0x00000000d6600000)
  to   space 3584K, 0% used [0x00000000d6f00000,0x00000000d6f00000,0x00000000d7280000)
 ParOldGen       total 5632K, used 4682K [0x0000000081e00000, 0x0000000082380000, 0x00000000d5f80000)
  object space 5632K, 83% used [0x0000000081e00000,0x0000000082292990,0x0000000082380000)
 Metaspace       used 7351K, capacity 8180K, committed 8448K, reserved 1056768K
  class space    used 901K, capacity 944K, committed 1024K, reserved 1048576K
Event: 0.375 GC heap after
Heap after GC invocations=6 (full 1):
 PSYoungGen      total 6656K, used 0K [0x00000000d5f80000, 0x00000000d7280000, 0x0000000100000000)
  eden space 6144K, 0% used [0x00000000d5f80000,0x00000000d5f80000,0x00000000d6580000)
  from space 512K, 0% used [0x00000000d6580000,0x00000000d6580000,0x00000000d6600000)
  to   space 3584K, 0% used [0x00000000d6f00000,0x00000000d6f00000,0x00000000d7280000)
 ParOldGen       total 5632K, used 4968K [0x0000000081e00000, 0x0000000082380000, 0x00000000d5f80000)
  object space 5632K, 88% used [0x0000000081e00000,0x00000000822da128,0x0000000082380000)
 Metaspace       used 7351K, capacity 8180K, committed 8448K, reserved 1056768K
  class space    used 901K, capacity 944K, committed 1024K, reserved 1048576K
}
Event: 0.415 GC heap before
{Heap before GC invocations=7 (full 2):
 PSYoungGen      total 6656K, used 6144K [0x00000000d5f80000, 0x00000000d7280000, 0x0000000100000000)
  eden space 6144K, 100% used [0x00000000d5f80000,0x00000000d6580000,0x00000000d6580000)
  from space 512K, 0% used [0x00000000d6580000,0x00000000d6580000,0x00000000d6600000)
  to   space 3584K, 0% used [0x00000000d6f00000,0x00000000d6f00000,0x00000000d7280000)
 ParOldGen       total 5632K, used 4968K [0x0000000081e00000, 0x0000000082380000, 0x00000000d5f80000)
  object space 5632K, 88% used [0x0000000081e00000,0x00000000822da128,0x0000000082380000)
 Metaspace       used 7457K, capacity 8244K, committed 8448K, reserved 1056768K
  class space    used 909K, capacity 944K, committed 1024K, reserved 1048576K
Event: 0.439 GC heap after
Heap after GC invocations=7 (full 2):
 PSYoungGen      total 6656K, used 338K [0x00000000d5f80000, 0x00000000d7280000, 0x0000000100000000)
  eden space 6144K, 5% used [0x00000000d5f80000,0x00000000d5fd4aa0,0x00000000d6580000)
  from space 512K, 0% used [0x00000000d6580000,0x00000000d6580000,0x00000000d6600000)
  to   space 3584K, 0% used [0x00000000d6f00000,0x00000000d6f00000,0x00000000d7280000)
 ParOldGen       total 5632K, used 5580K [0x0000000081e00000, 0x0000000082380000, 0x00000000d5f80000)
  object space 5632K, 99% used [0x0000000081e00000,0x0000000082373070,0x0000000082380000)
 Metaspace       used 7457K, capacity 8244K, committed 8448K, reserved 1056768K
  class space    used 909K, capacity 944K, committed 1024K, reserved 1048576K
}
Event: 0.481 GC heap before
{Heap before GC invocations=8 (full 3):
 PSYoungGen      total 6656K, used 6144K [0x00000000d5f80000, 0x00000000d7280000, 0x0000000100000000)
  eden space 6144K, 100% used [0x00000000d5f80000,0x00000000d6580000,0x00000000d6580000)
  from space 512K, 0% used [0x00000000d6580000,0x00000000d6580000,0x00000000d6600000)
  to   space 3584K, 0% used [0x00000000d6f00000,0x00000000d6f00000,0x00000000d7280000)
 ParOldGen       total 5632K, used 5580K [0x0000000081e00000, 0x0000000082380000, 0x00000000d5f80000)
  object space 5632K, 99% used [0x0000000081e00000,0x0000000082373070,0x0000000082380000)
 Metaspace       used 7674K, capacity 8436K, committed 8704K, reserved 1056768K
  class space    used 931K, capacity 944K, committed 1024K, reserved 1048576K
Event: 0.508 GC heap after
Heap after GC invocations=8 (full 3):
 PSYoungGen      total 6656K, used 1083K [0x00000000d5f80000, 0x00000000d7280000, 0x0000000100000000)
  eden space 6144K, 17% used [0x00000000d5f80000,0x00000000d608eeb8,0x00000000d6580000)
  from space 512K, 0% used [0x00000000d6580000,0x00000000d6580000,0x00000000d6600000)
  to   space 3584K, 0% used [0x00000000d6f00000,0x00000000d6f00000,0x00000000d7280000)
 ParOldGen       total 5632K, used 5576K [0x0000000081e00000, 0x0000000082380000, 0x00000000d5f80000)
  object space 5632K, 99% used [0x0000000081e00000,0x00000000823721f8,0x0000000082380000)
 Metaspace       used 7674K, capacity 8436K, committed 8704K, reserved 1056768K
  class space    used 931K, capacity 944K, committed 1024K, reserved 1048576K
}
Event: 0.557 GC heap before
{Heap before GC invocations=9 (full 4):
 PSYoungGen      total 6656K, used 6144K [0x00000000d5f80000, 0x00000000d7280000, 0x0000000100000000)
  eden space 6144K, 100% used [0x00000000d5f80000,0x00000000d6580000,0x00000000d6580000)
  from space 512K, 0% used [0x00000000d6580000,0x00000000d6580000,0x00000000d6600000)
  to   space 3584K, 0% used [0x00000000d6f00000,0x00000000d6f00000,0x00000000d7280000)
 ParOldGen       total 5632K, used 5576K [0x0000000081e00000, 0x0000000082380000, 0x00000000d5f80000)
  object space 5632K, 99% used [0x0000000081e00000,0x00000000823721f8,0x0000000082380000)
 Metaspace       used 8268K, capacity 8768K, committed 8960K, reserved 1056768K
  class space    used 997K, capacity 1012K, committed 1024K, reserved 1048576K
Event: 0.587 GC heap after
Heap after GC invocations=9 (full 4):
 PSYoungGen      total 6656K, used 1724K [0x00000000d5f80000, 0x00000000d7280000, 0x0000000100000000)
  eden space 6144K, 28% used [0x00000000d5f80000,0x00000000d612f2e0,0x00000000d6580000)
  from space 512K, 0% used [0x00000000d6580000,0x00000000d6580000,0x00000000d6600000)
  to   space 3584K, 0% used [0x00000000d6f00000,0x00000000d6f00000,0x00000000d7280000)
 ParOldGen       total 5632K, used 5576K [0x0000000081e00000, 0x0000000082380000, 0x00000000d5f80000)
  object space 5632K, 99% used [0x0000000081e00000,0x0000000082372040,0x0000000082380000)
 Metaspace       used 8268K, capacity 8768K, committed 8960K, reserved 1056768K
  class space    used 997K, capacity 1012K, committed 1024K, reserved 1048576K
}
Event: 0.676 GC heap before
{Heap before GC invocations=10 (full 5):
 PSYoungGen      total 6656K, used 6144K [0x00000000d5f80000, 0x00000000d7280000, 0x0000000100000000)
  eden space 6144K, 100% used [0x00000000d5f80000,0x00000000d6580000,0x00000000d6580000)
  from space 512K, 0% used [0x00000000d6580000,0x00000000d6580000,0x00000000d6600000)
  to   space 3584K, 0% used [0x00000000d6f00000,0x00000000d6f00000,0x00000000d7280000)
 ParOldGen       total 5632K, used 5576K [0x0000000081e00000, 0x0000000082380000, 0x00000000d5f80000)
  object space 5632K, 99% used [0x0000000081e00000,0x0000000082372040,0x0000000082380000)
 Metaspace       used 8661K, capacity 9216K, committed 9344K, reserved 1056768K
  class space    used 1019K, capacity 1076K, committed 1152K, reserved 1048576K
Event: 0.713 GC heap after
Heap after GC invocations=10 (full 5):
 PSYoungGen      total 6656K, used 2584K [0x00000000d5f80000, 0x00000000d7280000, 0x0000000100000000)
  eden space 6144K, 42% used [0x00000000d5f80000,0x00000000d6206050,0x00000000d6580000)
  from space 512K, 0% used [0x00000000d6580000,0x00000000d6580000,0x00000000d6600000)
  to   space 3584K, 0% used [0x00000000d6f00000,0x00000000d6f00000,0x00000000d7280000)
 ParOldGen       total 5632K, used 5448K [0x0000000081e00000, 0x0000000082380000, 0x00000000d5f80000)
  object space 5632K, 96% used [0x0000000081e00000,0x0000000082352000,0x0000000082380000)
 Metaspace       used 8661K, capacity 9216K, committed 9344K, reserved 1056768K
  class space    used 1019K, capacity 1076K, committed 1152K, reserved 1048576K
}

Deoptimization events (10 events):
Event: 0.454 Thread 0x0000000002bb2800 Uncommon trap: reason=unstable_if action=reinterpret pc=0x0000000002ef2530 method=com.sun.tools.javac.util.Name$Table.equals([BI[BII)Z @ 22
Event: 0.466 Thread 0x0000000002bb2800 Uncommon trap: reason=unstable_if action=reinterpret pc=0x0000000002f407e8 method=com.sun.tools.javac.code.Scope.getIndex(Lcom/sun/tools/javac/util/Name;)I @ 60
Event: 0.535 Thread 0x0000000002bb2800 Uncommon trap: reason=unstable_if action=reinterpret pc=0x0000000002e49a24 method=sun.misc.MetaIndex.mayContain(Ljava/lang/String;)Z @ 38
Event: 0.535 Thread 0x0000000002bb2800 Uncommon trap: reason=unstable_if action=reinterpret pc=0x0000000002e2c6f8 method=sun.misc.MetaIndex.mayContain(Ljava/lang/String;)Z @ 38
Event: 0.636 Thread 0x0000000002bb2800 Uncommon trap: reason=unstable_if action=reinterpret pc=0x0000000002fe9664 method=com.sun.tools.javac.code.Scope.lookup(Lcom/sun/tools/javac/util/Name;Lcom/sun/tools/javac/util/Filter;)Lcom/sun/tools/javac/code/Scope$Entry; @ 19
Event: 0.636 Thread 0x0000000002bb2800 Uncommon trap: reason=unstable_if action=reinterpret pc=0x0000000002fdd2c8 method=com.sun.tools.javac.code.Scope.lookup(Lcom/sun/tools/javac/util/Name;Lcom/sun/tools/javac/util/Filter;)Lcom/sun/tools/javac/code/Scope$Entry; @ 19
Event: 0.663 Thread 0x0000000002bb2800 Uncommon trap: reason=class_check action=maybe_recompile pc=0x0000000002f0f560 method=java.util.HashMap.putVal(ILjava/lang/Object;Ljava/lang/Object;ZZ)Ljava/lang/Object; @ 253
Event: 0.716 Thread 0x0000000002bb2800 Uncommon trap: reason=class_check action=maybe_recompile pc=0x0000000002f0f560 method=java.util.HashMap.putVal(ILjava/lang/Object;Ljava/lang/Object;ZZ)Ljava/lang/Object; @ 253
Event: 0.718 Thread 0x0000000002bb2800 Uncommon trap: reason=unstable_if action=reinterpret pc=0x00000000030333ac method=com.sun.tools.javac.code.Scope.enter(Lcom/sun/tools/javac/code/Symbol;Lcom/sun/tools/javac/code/Scope;Lcom/sun/tools/javac/code/Scope;Z)V @ 116
Event: 0.722 Thread 0x0000000002bb2800 Uncommon trap: reason=class_check action=maybe_recompile pc=0x0000000002f0f560 method=java.util.HashMap.putVal(ILjava/lang/Object;Ljava/lang/Object;ZZ)Ljava/lang/Object; @ 253

Internal exceptions (10 events):
Event: 0.059 Thread 0x0000000002bb2800 Exception <a 'java/io/FileNotFoundException'> (0x00000000d5fe1420) thrown at [C:\re\workspace\8-2-build-windows-amd64-cygwin\jdk8u111\7883\hotspot\src\share\vm\prims\jni.cpp, line 709]
Event: 0.105 Thread 0x0000000002bb2800 Exception <a 'java/security/PrivilegedActionException'> (0x00000000d60fa8b0) thrown at [C:\re\workspace\8-2-build-windows-amd64-cygwin\jdk8u111\7883\hotspot\src\share\vm\prims\jvm.cpp, line 1386]
Event: 0.105 Thread 0x0000000002bb2800 Exception <a 'java/security/PrivilegedActionException'> (0x00000000d60faca8) thrown at [C:\re\workspace\8-2-build-windows-amd64-cygwin\jdk8u111\7883\hotspot\src\share\vm\prims\jvm.cpp, line 1386]
Event: 0.107 Thread 0x0000000002bb2800 Exception <a 'java/security/PrivilegedActionException'> (0x00000000d60fed78) thrown at [C:\re\workspace\8-2-build-windows-amd64-cygwin\jdk8u111\7883\hotspot\src\share\vm\prims\jvm.cpp, line 1386]
Event: 0.107 Thread 0x0000000002bb2800 Exception <a 'java/security/PrivilegedActionException'> (0x00000000d60ff170) thrown at [C:\re\workspace\8-2-build-windows-amd64-cygwin\jdk8u111\7883\hotspot\src\share\vm\prims\jvm.cpp, line 1386]
Event: 0.112 Thread 0x0000000002bb2800 Exception <a 'java/security/PrivilegedActionException'> (0x00000000d5f879a8) thrown at [C:\re\workspace\8-2-build-windows-amd64-cygwin\jdk8u111\7883\hotspot\src\share\vm\prims\jvm.cpp, line 1386]
Event: 0.112 Thread 0x0000000002bb2800 Exception <a 'java/security/PrivilegedActionException'> (0x00000000d5fbc4e0) thrown at [C:\re\workspace\8-2-build-windows-amd64-cygwin\jdk8u111\7883\hotspot\src\share\vm\prims\jvm.cpp, line 1386]
Event: 0.243 Thread 0x0000000002bb2800 Implicit null exception at 0x0000000002e33222 to 0x0000000002e333e9
Event: 0.383 Thread 0x0000000002bb2800 Exception <a 'java/io/FileNotFoundException'> (0x00000000d60694a8) thrown at [C:\re\workspace\8-2-build-windows-amd64-cygwin\jdk8u111\7883\hotspot\src\share\vm\prims\jni.cpp, line 709]
Event: 0.385 Thread 0x0000000002bb2800 Exception <a 'java/io/FileNotFoundException'> (0x00000000d60bfa58) thrown at [C:\re\workspace\8-2-build-windows-amd64-cygwin\jdk8u111\7883\hotspot\src\share\vm\prims\jni.cpp, line 709]

Events (10 events):
Event: 0.746 loading class com/sun/tools/javac/jvm/ClassWriter$StackMapTableFrame$SameLocals1StackItemFrame
Event: 0.746 loading class com/sun/tools/javac/jvm/ClassWriter$StackMapTableFrame$SameLocals1StackItemFrame done
Event: 0.746 loading class com/sun/tools/javac/jvm/ClassWriter$StackMapTableFrame$SameFrame
Event: 0.746 loading class com/sun/tools/javac/jvm/ClassWriter$StackMapTableFrame$SameFrame done
Event: 0.746 loading class com/sun/tools/javac/jvm/ClassWriter$StackMapTableFrame$AppendFrame
Event: 0.746 loading class com/sun/tools/javac/jvm/ClassWriter$StackMapTableFrame$AppendFrame done
Event: 0.746 loading class com/sun/tools/javac/jvm/ClassWriter$StackMapTableFrame$ChopFrame
Event: 0.746 loading class com/sun/tools/javac/jvm/ClassWriter$StackMapTableFrame$ChopFrame done
Event: 0.747 loading class com/sun/tools/javac/jvm/ClassWriter$StackMapTableFrame$FullFrame
Event: 0.747 loading class com/sun/tools/javac/jvm/ClassWriter$StackMapTableFrame$FullFrame done


Dynamic libraries:
0x00007ff7628b0000 - 0x00007ff7628b7000 	C:\Program Files\Java\jdk1.8.0_111\bin\javac.exe
0x00007ffd00d40000 - 0x00007ffd00f30000 	C:\WINDOWS\SYSTEM32\ntdll.dll
0x00007ffcff110000 - 0x00007ffcff1c2000 	C:\WINDOWS\System32\KERNEL32.DLL
0x00007ffcfdeb0000 - 0x00007ffcfe154000 	C:\WINDOWS\System32\KERNELBASE.dll
0x00000000724b0000 - 0x0000000072582000 	C:\Program Files\Java\jdk1.8.0_111\bin\MSVCR100.dll
0x0000000072590000 - 0x00000000725bf000 	C:\Program Files\Java\jdk1.8.0_111\bin\jli.dll
0x00007ffcff940000 - 0x00007ffcff9e3000 	C:\WINDOWS\System32\ADVAPI32.dll
0x00007ffd00c30000 - 0x00007ffd00cce000 	C:\WINDOWS\System32\msvcrt.dll
0x00007ffcff840000 - 0x00007ffcff8d7000 	C:\WINDOWS\System32\sechost.dll
0x00007ffcffe70000 - 0x00007ffcfff90000 	C:\WINDOWS\System32\RPCRT4.dll
0x00007ffcff6a0000 - 0x00007ffcff834000 	C:\WINDOWS\System32\USER32.dll
0x00007ffcecfc0000 - 0x00007ffced244000 	C:\WINDOWS\WinSxS\amd64_microsoft.windows.common-controls_6595b64144ccf1df_6.0.18362.836_none_e6c4b943130f18ed\COMCTL32.dll
0x00007ffcfdd80000 - 0x00007ffcfdda1000 	C:\WINDOWS\System32\win32u.dll
0x00007ffcff360000 - 0x00007ffcff696000 	C:\WINDOWS\System32\combase.dll
0x00007ffd00cd0000 - 0x00007ffd00cf6000 	C:\WINDOWS\System32\GDI32.dll
0x00007ffcfddb0000 - 0x00007ffcfdeaa000 	C:\WINDOWS\System32\ucrtbase.dll
0x00007ffcfe3a0000 - 0x00007ffcfe534000 	C:\WINDOWS\System32\gdi32full.dll
0x00007ffcfe160000 - 0x00007ffcfe1e0000 	C:\WINDOWS\System32\bcryptPrimitives.dll
0x00007ffcfecc0000 - 0x00007ffcfed5e000 	C:\WINDOWS\System32\msvcp_win.dll
0x00007ffcffe40000 - 0x00007ffcffe6e000 	C:\WINDOWS\System32\IMM32.DLL
0x0000000073470000 - 0x0000000073542000 	C:\Program Files\Java\jdk1.8.0_111\jre\bin\msvcr100.dll
0x0000000073550000 - 0x0000000073dea000 	C:\Program Files\Java\jdk1.8.0_111\jre\bin\server\jvm.dll
0x00007ffcff1f0000 - 0x00007ffcff1f8000 	C:\WINDOWS\System32\PSAPI.DLL
0x00007ffcdf1c0000 - 0x00007ffcdf1c9000 	C:\WINDOWS\SYSTEM32\WSOCK32.dll
0x00007ffcf6ec0000 - 0x00007ffcf6eca000 	C:\WINDOWS\SYSTEM32\VERSION.dll
0x00007ffcfb530000 - 0x00007ffcfb554000 	C:\WINDOWS\SYSTEM32\WINMM.dll
0x00007ffcffca0000 - 0x00007ffcffd0f000 	C:\WINDOWS\System32\WS2_32.dll
0x00007ffcfa880000 - 0x00007ffcfa8ad000 	C:\WINDOWS\SYSTEM32\WINMMBASE.dll
0x00007ffcfe350000 - 0x00007ffcfe39a000 	C:\WINDOWS\System32\cfgmgr32.dll
0x0000000073420000 - 0x000000007342f000 	C:\Program Files\Java\jdk1.8.0_111\jre\bin\verify.dll
0x00000000733f0000 - 0x0000000073419000 	C:\Program Files\Java\jdk1.8.0_111\jre\bin\java.dll
0x00000000733d0000 - 0x00000000733e6000 	C:\Program Files\Java\jdk1.8.0_111\jre\bin\zip.dll
0x00007ffcfff90000 - 0x00007ffd00674000 	C:\WINDOWS\System32\SHELL32.dll
0x00007ffcff2b0000 - 0x00007ffcff359000 	C:\WINDOWS\System32\shcore.dll
0x00007ffcfe540000 - 0x00007ffcfecbe000 	C:\WINDOWS\System32\windows.storage.dll
0x00007ffcfdc80000 - 0x00007ffcfdca3000 	C:\WINDOWS\System32\profapi.dll
0x00007ffcfdc30000 - 0x00007ffcfdc7a000 	C:\WINDOWS\System32\powrprof.dll
0x00007ffcfdc00000 - 0x00007ffcfdc10000 	C:\WINDOWS\System32\UMPDC.dll
0x00007ffcffde0000 - 0x00007ffcffe32000 	C:\WINDOWS\System32\shlwapi.dll
0x00007ffcfdc10000 - 0x00007ffcfdc21000 	C:\WINDOWS\System32\kernel.appcore.dll
0x00007ffcfe1e0000 - 0x00007ffcfe1f7000 	C:\WINDOWS\System32\cryptsp.dll

VM Arguments:
jvm_args: -Dapplication.home=C:\Program Files\Java\jdk1.8.0_111 -Xms8m 
java_command: com.sun.tools.javac.Main -d C:\Users\arthu\OneDrive\Documentos\NetBeansProjects\VoteRegisterConnection\build\classes -classpath C:\Users\arthu\OneDrive\Documentos\NetBeansProjects\VoteRegisterConnection\build\classes;C:\Users\arthu\OneDrive\Documentos\NetBeansProjects\sqlite-jdbc-3.20.0.jar -sourcepath C:\Users\arthu\OneDrive\Documentos\NetBeansProjects\VoteRegisterConnection\src -target 1.8 -encoding UTF-8 -g -processorpath C:\Users\arthu\OneDrive\Documentos\NetBeansProjects\sqlite-jdbc-3.20.0.jar;C:\Users\arthu\OneDrive\Documentos\NetBeansProjects\VoteRegisterConnection\build\empty -s C:\Users\arthu\OneDrive\Documentos\NetBeansProjects\VoteRegisterConnection\build\generated-sources\ap-source-output -source 1.8 C:\Users\arthu\OneDrive\Documentos\NetBeansProjects\VoteRegisterConnection\src\view\TelaLogin.java
java_class_path (initial): C:\Program Files\Java\jdk1.8.0_111/lib/tools.jar;C:\Program Files\Java\jdk1.8.0_111/classes
Launcher Type: SUN_STANDARD

Environment Variables:
JAVA_HOME=C:\Program Files\Java\jdk1.8.0_241
USERNAME=arthu
OS=Windows_NT
PROCESSOR_IDENTIFIER=Intel64 Family 6 Model 142 Stepping 10, GenuineIntel



---------------  S Y S T E M  ---------------

OS: Windows 10.0 , 64 bit Build 18362 (10.0.18362.778)

CPU:total 8 (4 cores per cpu, 2 threads per core) family 6 model 142 stepping 10, cmov, cx8, fxsr, mmx, sse, sse2, sse3, ssse3, sse4.1, sse4.2, popcnt, avx, avx2, aes, clmul, erms, 3dnowpref, lzcnt, ht, tsc, tscinvbit, bmi1, bmi2, adx

Memory: 4k page, physical 8261220k(1682328k free), swap 8261220k(8488k free)

vm_info: Java HotSpot(TM) 64-Bit Server VM (25.111-b14) for windows-amd64 JRE (1.8.0_111-b14), built on Sep 22 2016 19:24:05 by "java_re" with MS VC++ 10.0 (VS2010)

time: Thu Jul 09 19:15:24 2020
elapsed time: 0 seconds (0d 0h 0m 0s)

