#
# There is insufficient memory for the Java Runtime Environment to continue.
# Native memory allocation (malloc) failed to allocate 1048576 bytes for AllocateHeap
# Possible reasons:
#   The system is out of physical RAM or swap space
#   In 32 bit mode, the process size limit was hit
# Possible solutions:
#   Reduce memory load on the system
#   Increase physical memory or swap space
#   Check if swap backing store is full
#   Use 64 bit Java on a 64 bit OS
#   Decrease Java heap size (-Xmx/-Xms)
#   Decrease number of Java threads
#   Decrease Java thread stack sizes (-Xss)
#   Set larger code cache with -XX:ReservedCodeCacheSize=
# This output file may be truncated or incomplete.
#
#  Out of Memory Error (memory/allocation.inline.hpp:61), pid=17944, tid=0x0000000000003e74
#
# JRE version:  (8.0_111-b14) (build )
# Java VM: Java HotSpot(TM) 64-Bit Server VM (25.111-b14 mixed mode windows-amd64 compressed oops)
# Failed to write core dump. Minidumps are not enabled by default on client versions of Windows
#

---------------  T H R E A D  ---------------

Current thread (0x0000000002952800):  JavaThread "Unknown thread" [_thread_in_vm, id=15988, stack(0x0000000002760000,0x0000000002860000)]

Stack: [0x0000000002760000,0x0000000002860000]
[error occurred during error reporting (printing stack bounds), id 0xc0000005]

Native frames: (J=compiled Java code, j=interpreted, Vv=VM code, C=native code)


---------------  P R O C E S S  ---------------

Java Threads: ( => current thread )

Other Threads:

=>0x0000000002952800 (exited) JavaThread "Unknown thread" [_thread_in_vm, id=15988, stack(0x0000000002760000,0x0000000002860000)]

VM state:not at safepoint (normal execution)

VM Mutex/Monitor currently owned by a thread: None

Heap:
 PSYoungGen      total 2048K, used 30K [0x00000000d5f80000, 0x00000000d6200000, 0x0000000100000000)
  eden space 1536K, 2% used [0x00000000d5f80000,0x00000000d5f87af0,0x00000000d6100000)
  from space 512K, 0% used [0x00000000d6180000,0x00000000d6180000,0x00000000d6200000)
  to   space 512K, 0% used [0x00000000d6100000,0x00000000d6100000,0x00000000d6180000)
 ParOldGen       total 5632K, used 0K [0x0000000081e00000, 0x0000000082380000, 0x00000000d5f80000)
  object space 5632K, 0% used [0x0000000081e00000,0x0000000081e00000,0x0000000082380000)
 Metaspace       used 770K, capacity 4480K, committed 4480K, reserved 1056768K
  class space    used 75K, capacity 384K, committed 384K, reserved 1048576K

Card table byte_map: [0x0000000011e10000,0x0000000012210000] byte_map_base: 0x0000000011a01000

Marking Bits: (ParMarkBitMap*) 0x0000000073d4a6c0
 Begin Bits: [0x0000000012cc0000, 0x0000000014c48000)
 End Bits:   [0x0000000014c48000, 0x0000000016bd0000)

Polling page: 0x00000000007d0000

CodeCache: size=245760Kb used=328Kb max_used=328Kb free=245431Kb
 bounds [0x0000000002a50000, 0x0000000002cc0000, 0x0000000011a50000]
 total_blobs=58 nmethods=0 adapters=38
 compilation: enabled

Compilation events (0 events):
No events

GC Heap History (0 events):
No events

Deoptimization events (0 events):
No events

Internal exceptions (0 events):
No events

Events (10 events):
Event: 0.021 loading class java/lang/Short
Event: 0.021 loading class java/lang/Short done
Event: 0.021 loading class java/lang/Integer
Event: 0.021 loading class java/lang/Integer done
Event: 0.021 loading class java/lang/Long
Event: 0.021 loading class java/lang/Long done
Event: 0.022 loading class java/lang/NullPointerException
Event: 0.022 loading class java/lang/NullPointerException done
Event: 0.022 loading class java/lang/ArithmeticException
Event: 0.022 loading class java/lang/ArithmeticException done


Dynamic libraries:
0x00007ff7628b0000 - 0x00007ff7628b7000 	C:\Program Files\Java\jdk1.8.0_111\bin\javac.exe
0x00007ffd00d40000 - 0x00007ffd00f30000 	C:\WINDOWS\SYSTEM32\ntdll.dll
0x00007ffcff110000 - 0x00007ffcff1c2000 	C:\WINDOWS\System32\KERNEL32.DLL
0x00007ffcfdeb0000 - 0x00007ffcfe154000 	C:\WINDOWS\System32\KERNELBASE.dll
0x0000000074b40000 - 0x0000000074b6f000 	C:\Program Files\Java\jdk1.8.0_111\bin\jli.dll
0x0000000074a60000 - 0x0000000074b32000 	C:\Program Files\Java\jdk1.8.0_111\bin\MSVCR100.dll
0x00007ffcff940000 - 0x00007ffcff9e3000 	C:\WINDOWS\System32\ADVAPI32.dll
0x00007ffd00c30000 - 0x00007ffd00cce000 	C:\WINDOWS\System32\msvcrt.dll
0x00007ffcff840000 - 0x00007ffcff8d7000 	C:\WINDOWS\System32\sechost.dll
0x00007ffcffe70000 - 0x00007ffcfff90000 	C:\WINDOWS\System32\RPCRT4.dll
0x00007ffcff6a0000 - 0x00007ffcff834000 	C:\WINDOWS\System32\USER32.dll
0x00007ffcecfc0000 - 0x00007ffced244000 	C:\WINDOWS\WinSxS\amd64_microsoft.windows.common-controls_6595b64144ccf1df_6.0.18362.836_none_e6c4b943130f18ed\COMCTL32.dll
0x00007ffcfdd80000 - 0x00007ffcfdda1000 	C:\WINDOWS\System32\win32u.dll
0x00007ffcff360000 - 0x00007ffcff696000 	C:\WINDOWS\System32\combase.dll
0x00007ffd00cd0000 - 0x00007ffd00cf6000 	C:\WINDOWS\System32\GDI32.dll
0x00007ffcfddb0000 - 0x00007ffcfdeaa000 	C:\WINDOWS\System32\ucrtbase.dll
0x00007ffcfe3a0000 - 0x00007ffcfe534000 	C:\WINDOWS\System32\gdi32full.dll
0x00007ffcfe160000 - 0x00007ffcfe1e0000 	C:\WINDOWS\System32\bcryptPrimitives.dll
0x00007ffcfecc0000 - 0x00007ffcfed5e000 	C:\WINDOWS\System32\msvcp_win.dll
0x00007ffcffe40000 - 0x00007ffcffe6e000 	C:\WINDOWS\System32\IMM32.DLL
0x0000000073450000 - 0x0000000073522000 	C:\Program Files\Java\jdk1.8.0_111\jre\bin\msvcr100.dll
0x0000000073530000 - 0x0000000073dca000 	C:\Program Files\Java\jdk1.8.0_111\jre\bin\server\jvm.dll
0x00007ffcff1f0000 - 0x00007ffcff1f8000 	C:\WINDOWS\System32\PSAPI.DLL
0x00007ffcfb530000 - 0x00007ffcfb554000 	C:\WINDOWS\SYSTEM32\WINMM.dll
0x00007ffcdf1c0000 - 0x00007ffcdf1c9000 	C:\WINDOWS\SYSTEM32\WSOCK32.dll
0x00007ffcf6ec0000 - 0x00007ffcf6eca000 	C:\WINDOWS\SYSTEM32\VERSION.dll
0x00007ffcffca0000 - 0x00007ffcffd0f000 	C:\WINDOWS\System32\WS2_32.dll
0x00007ffcfa880000 - 0x00007ffcfa8ad000 	C:\WINDOWS\SYSTEM32\winmmbase.dll
0x00007ffcfe350000 - 0x00007ffcfe39a000 	C:\WINDOWS\System32\cfgmgr32.dll
0x0000000073400000 - 0x000000007340f000 	C:\Program Files\Java\jdk1.8.0_111\jre\bin\verify.dll
0x00000000733d0000 - 0x00000000733f9000 	C:\Program Files\Java\jdk1.8.0_111\jre\bin\java.dll
0x00000000733b0000 - 0x00000000733c6000 	C:\Program Files\Java\jdk1.8.0_111\jre\bin\zip.dll

VM Arguments:
jvm_args: -Dapplication.home=C:\Program Files\Java\jdk1.8.0_111 -Xms8m 
java_command: com.sun.tools.javac.Main -d C:\Users\arthu\OneDrive\Documentos\NetBeansProjects\VoteRegisterConnection\build\classes -classpath C:\Users\arthu\OneDrive\Documentos\NetBeansProjects\VoteRegisterConnection\build\classes;C:\Users\arthu\OneDrive\Documentos\NetBeansProjects\sqlite-jdbc-3.20.0.jar -sourcepath C:\Users\arthu\OneDrive\Documentos\NetBeansProjects\VoteRegisterConnection\src -target 1.8 -encoding UTF-8 -g -processorpath C:\Users\arthu\OneDrive\Documentos\NetBeansProjects\sqlite-jdbc-3.20.0.jar;C:\Users\arthu\OneDrive\Documentos\NetBeansProjects\VoteRegisterConnection\build\empty -s C:\Users\arthu\OneDrive\Documentos\NetBeansProjects\VoteRegisterConnection\build\generated-sources\ap-source-output -source 1.8 C:\Users\arthu\OneDrive\Documentos\NetBeansProjects\VoteRegisterConnection\src\view\TelaMenu.java
java_class_path (initial): C:\Program Files\Java\jdk1.8.0_111/lib/tools.jar;C:\Program Files\Java\jdk1.8.0_111/classes
Launcher Type: SUN_STANDARD

Environment Variables:
JAVA_HOME=C:\Program Files\Java\jdk1.8.0_241
USERNAME=arthu
OS=Windows_NT
PROCESSOR_IDENTIFIER=Intel64 Family 6 Model 142 Stepping 10, GenuineIntel



---------------  S Y S T E M  ---------------

OS: Windows 10.0 , 64 bit Build 18362 (10.0.18362.778)

CPU:total 8 (4 cores per cpu, 2 threads per core) family 6 model 142 stepping 10, cmov, cx8, fxsr, mmx, sse, sse2, sse3, ssse3, sse4.1, sse4.2, popcnt, avx, avx2, aes, clmul, erms, 3dnowpref, lzcnt, ht, tsc, tscinvbit, bmi1, bmi2, adx

Memory: 4k page, physical 8261220k(1926980k free), swap 8261220k(5532k free)

vm_info: Java HotSpot(TM) 64-Bit Server VM (25.111-b14) for windows-amd64 JRE (1.8.0_111-b14), built on Sep 22 2016 19:24:05 by "java_re" with MS VC++ 10.0 (VS2010)

time: Thu Jul 09 20:37:55 2020
elapsed time: 0 seconds (0d 0h 0m 0s)

